[error] Failed to fetch Firebase Project from Studio Workspace because WORKSPACE_SLUG environment variable is empty
[error] Failed to fetch Firebase Project from Studio Workspace because WORKSPACE_SLUG environment variable is empty
[error] Failed to fetch Firebase Project from Studio Workspace because WORKSPACE_SLUG environment variable is empty
[error] Failed to fetch Firebase Project from Studio Workspace because WORKSPACE_SLUG environment variable is empty
[debug] [2026-02-13T08:50:30.380Z] > command requires scopes: ["email","openid","https://www.googleapis.com/auth/cloudplatformprojects.readonly","https://www.googleapis.com/auth/firebase","https://www.googleapis.com/auth/cloud-platform","https://www.googleapis.com/auth/userinfo.email"]
[debug] [2026-02-13T08:50:30.385Z] > command requires scopes: ["email","openid","https://www.googleapis.com/auth/cloudplatformprojects.readonly","https://www.googleapis.com/auth/firebase","https://www.googleapis.com/auth/cloud-platform","https://www.googleapis.com/auth/userinfo.email"]
[debug] [2026-02-13T08:50:47.474Z] Running auto auth
[debug] [2026-02-13T08:50:47.475Z] Running auto auth
[error] Failed to fetch Firebase Project from Studio Workspace because WORKSPACE_SLUG environment variable is empty
[error] Failed to fetch Firebase Project from Studio Workspace because WORKSPACE_SLUG environment variable is empty
[error] Failed to fetch Firebase Project from Studio Workspace because WORKSPACE_SLUG environment variable is empty
[debug] [2026-02-13T08:50:47.674Z] > command requires scopes: ["email","openid","https://www.googleapis.com/auth/cloudplatformprojects.readonly","https://www.googleapis.com/auth/firebase","https://www.googleapis.com/auth/cloud-platform","https://www.googleapis.com/auth/userinfo.email"]
[debug] [2026-02-13T08:50:47.677Z] > authorizing via signed-in user (substring.jp@gmail.com)
[error] Failed to fetch Firebase Project from Studio Workspace because WORKSPACE_SLUG environment variable is empty
[debug] [2026-02-13T08:50:47.682Z] > command requires scopes: ["email","openid","https://www.googleapis.com/auth/cloudplatformprojects.readonly","https://www.googleapis.com/auth/firebase","https://www.googleapis.com/auth/cloud-platform","https://www.googleapis.com/auth/userinfo.email"]
[debug] [2026-02-13T08:50:47.682Z] > authorizing via signed-in user (substring.jp@gmail.com)
[error] Failed to fetch Firebase Project from Studio Workspace because WORKSPACE_SLUG environment variable is empty
[error] Failed to fetch Firebase Project from Studio Workspace because WORKSPACE_SLUG environment variable is empty
[error] Failed to fetch Firebase Project from Studio Workspace because WORKSPACE_SLUG environment variable is empty
[debug] [2026-02-13T08:50:47.711Z] > command requires scopes: ["email","openid","https://www.googleapis.com/auth/cloudplatformprojects.readonly","https://www.googleapis.com/auth/firebase","https://www.googleapis.com/auth/cloud-platform","https://www.googleapis.com/auth/userinfo.email"]
[debug] [2026-02-13T08:50:47.711Z] > authorizing via signed-in user (substring.jp@gmail.com)
[error] Failed to fetch Firebase Project from Studio Workspace because WORKSPACE_SLUG environment variable is empty
[debug] [2026-02-13T08:50:47.715Z] > command requires scopes: ["email","openid","https://www.googleapis.com/auth/cloudplatformprojects.readonly","https://www.googleapis.com/auth/firebase","https://www.googleapis.com/auth/cloud-platform","https://www.googleapis.com/auth/userinfo.email"]
[debug] [2026-02-13T08:50:47.715Z] > authorizing via signed-in user (substring.jp@gmail.com)
[error] Failed to fetch Firebase Project from Studio Workspace because WORKSPACE_SLUG environment variable is empty
[error] Failed to fetch Firebase Project from Studio Workspace because WORKSPACE_SLUG environment variable is empty
[error] Failed to fetch Firebase Project from Studio Workspace because WORKSPACE_SLUG environment variable is empty
[debug] [2026-02-13T08:50:47.724Z] > command requires scopes: ["email","openid","https://www.googleapis.com/auth/cloudplatformprojects.readonly","https://www.googleapis.com/auth/firebase","https://www.googleapis.com/auth/cloud-platform","https://www.googleapis.com/auth/userinfo.email"]
[debug] [2026-02-13T08:50:47.724Z] > authorizing via signed-in user (substring.jp@gmail.com)
[error] Failed to fetch Firebase Project from Studio Workspace because WORKSPACE_SLUG environment variable is empty
[debug] [2026-02-13T08:50:47.726Z] > command requires scopes: ["email","openid","https://www.googleapis.com/auth/cloudplatformprojects.readonly","https://www.googleapis.com/auth/firebase","https://www.googleapis.com/auth/cloud-platform","https://www.googleapis.com/auth/userinfo.email"]
[debug] [2026-02-13T08:50:47.727Z] > authorizing via signed-in user (substring.jp@gmail.com)
[error] Failed to fetch Firebase Project from Studio Workspace because WORKSPACE_SLUG environment variable is empty
[error] Failed to fetch Firebase Project from Studio Workspace because WORKSPACE_SLUG environment variable is empty
[error] Failed to fetch Firebase Project from Studio Workspace because WORKSPACE_SLUG environment variable is empty
[debug] [2026-02-13T08:51:17.828Z] > command requires scopes: ["email","openid","https://www.googleapis.com/auth/cloudplatformprojects.readonly","https://www.googleapis.com/auth/firebase","https://www.googleapis.com/auth/cloud-platform","https://www.googleapis.com/auth/userinfo.email"]
[debug] [2026-02-13T08:51:17.828Z] > authorizing via signed-in user (substring.jp@gmail.com)
[error] Failed to fetch Firebase Project from Studio Workspace because WORKSPACE_SLUG environment variable is empty
[debug] [2026-02-13T08:51:17.831Z] > command requires scopes: ["email","openid","https://www.googleapis.com/auth/cloudplatformprojects.readonly","https://www.googleapis.com/auth/firebase","https://www.googleapis.com/auth/cloud-platform","https://www.googleapis.com/auth/userinfo.email"]
[debug] [2026-02-13T08:51:17.832Z] > authorizing via signed-in user (substring.jp@gmail.com)
[error] Failed to fetch Firebase Project from Studio Workspace because WORKSPACE_SLUG environment variable is empty
[error] Failed to fetch Firebase Project from Studio Workspace because WORKSPACE_SLUG environment variable is empty
[error] Failed to fetch Firebase Project from Studio Workspace because WORKSPACE_SLUG environment variable is empty
[debug] [2026-02-13T08:51:17.868Z] > command requires scopes: ["email","openid","https://www.googleapis.com/auth/cloudplatformprojects.readonly","https://www.googleapis.com/auth/firebase","https://www.googleapis.com/auth/cloud-platform","https://www.googleapis.com/auth/userinfo.email"]
[debug] [2026-02-13T08:51:17.868Z] > authorizing via signed-in user (substring.jp@gmail.com)
[error] Failed to fetch Firebase Project from Studio Workspace because WORKSPACE_SLUG environment variable is empty
[debug] [2026-02-13T08:51:17.872Z] > command requires scopes: ["email","openid","https://www.googleapis.com/auth/cloudplatformprojects.readonly","https://www.googleapis.com/auth/firebase","https://www.googleapis.com/auth/cloud-platform","https://www.googleapis.com/auth/userinfo.email"]
[debug] [2026-02-13T08:51:17.873Z] > authorizing via signed-in user (substring.jp@gmail.com)
[error] Failed to fetch Firebase Project from Studio Workspace because WORKSPACE_SLUG environment variable is empty
[error] Failed to fetch Firebase Project from Studio Workspace because WORKSPACE_SLUG environment variable is empty
[error] Failed to fetch Firebase Project from Studio Workspace because WORKSPACE_SLUG environment variable is empty
[debug] [2026-02-13T08:51:17.884Z] > command requires scopes: ["email","openid","https://www.googleapis.com/auth/cloudplatformprojects.readonly","https://www.googleapis.com/auth/firebase","https://www.googleapis.com/auth/cloud-platform","https://www.googleapis.com/auth/userinfo.email"]
[debug] [2026-02-13T08:51:17.884Z] > authorizing via signed-in user (substring.jp@gmail.com)
[error] Failed to fetch Firebase Project from Studio Workspace because WORKSPACE_SLUG environment variable is empty
[debug] [2026-02-13T08:51:17.886Z] > command requires scopes: ["email","openid","https://www.googleapis.com/auth/cloudplatformprojects.readonly","https://www.googleapis.com/auth/firebase","https://www.googleapis.com/auth/cloud-platform","https://www.googleapis.com/auth/userinfo.email"]
[debug] [2026-02-13T08:51:17.888Z] > authorizing via signed-in user (substring.jp@gmail.com)
[error] Failed to fetch Firebase Project from Studio Workspace because WORKSPACE_SLUG environment variable is empty
[error] Failed to fetch Firebase Project from Studio Workspace because WORKSPACE_SLUG environment variable is empty
[debug] [2026-02-13T08:51:55.983Z] > command requires scopes: ["email","openid","https://www.googleapis.com/auth/cloudplatformprojects.readonly","https://www.googleapis.com/auth/firebase","https://www.googleapis.com/auth/cloud-platform","https://www.googleapis.com/auth/userinfo.email"]
[debug] [2026-02-13T08:51:55.983Z] > authorizing via signed-in user (substring.jp@gmail.com)
[error] Failed to fetch Firebase Project from Studio Workspace because WORKSPACE_SLUG environment variable is empty
[error] Failed to fetch Firebase Project from Studio Workspace because WORKSPACE_SLUG environment variable is empty
[debug] [2026-02-13T08:51:55.997Z] > command requires scopes: ["email","openid","https://www.googleapis.com/auth/cloudplatformprojects.readonly","https://www.googleapis.com/auth/firebase","https://www.googleapis.com/auth/cloud-platform","https://www.googleapis.com/auth/userinfo.email"]
[debug] [2026-02-13T08:51:56.001Z] > authorizing via signed-in user (substring.jp@gmail.com)
[debug] [2026-02-13T08:51:56.009Z] No OAuth tokens found
[debug] [2026-02-13T08:51:56.012Z] >>> [apiv2][query] GET https://serviceusage.googleapis.com/v1/projects/jprail/services/cloudresourcemanager.googleapis.com [none]
[debug] [2026-02-13T08:51:56.012Z] >>> [apiv2][(partial)header] GET https://serviceusage.googleapis.com/v1/projects/jprail/services/cloudresourcemanager.googleapis.com  x-goog-user-project=jprail
[debug] [2026-02-13T08:51:57.155Z] <<< [apiv2][status] GET https://serviceusage.googleapis.com/v1/projects/jprail/services/cloudresourcemanager.googleapis.com 200
[debug] [2026-02-13T08:51:57.156Z] <<< [apiv2][body] GET https://serviceusage.googleapis.com/v1/projects/jprail/services/cloudresourcemanager.googleapis.com [omitted]
[debug] [2026-02-13T08:51:57.176Z] No OAuth tokens found
[debug] [2026-02-13T08:51:57.176Z] >>> [apiv2][query] GET https://cloudresourcemanager.googleapis.com/v1/projects/jprail [none]
[debug] [2026-02-13T08:51:58.001Z] <<< [apiv2][status] GET https://cloudresourcemanager.googleapis.com/v1/projects/jprail 200
[debug] [2026-02-13T08:51:58.003Z] <<< [apiv2][body] GET https://cloudresourcemanager.googleapis.com/v1/projects/jprail {"projectNumber":"90145127208","projectId":"jprail","lifecycleState":"ACTIVE","name":"jpRail","labels":{"firebase":"enabled","firebase-core":"disabled"},"createTime":"2026-02-13T06:34:10.900445Z"}
[info] Updating Studio Workspace active project to match Firebase CLI 'jprail'
[error] Failed to update Firebase Project for Studio Workspace because WORKSPACE_SLUG environment variable is empty
[info] Now using project jprail
[error] Failed to fetch Firebase Project from Studio Workspace because WORKSPACE_SLUG environment variable is empty
[error] Failed to fetch Firebase Project from Studio Workspace because WORKSPACE_SLUG environment variable is empty
[error] Failed to fetch Firebase Project from Studio Workspace because WORKSPACE_SLUG environment variable is empty
[error] Failed to fetch Firebase Project from Studio Workspace because WORKSPACE_SLUG environment variable is empty
[debug] [2026-02-13T08:55:48.595Z] > command requires scopes: ["email","openid","https://www.googleapis.com/auth/cloudplatformprojects.readonly","https://www.googleapis.com/auth/firebase","https://www.googleapis.com/auth/cloud-platform","https://www.googleapis.com/auth/userinfo.email"]
[debug] [2026-02-13T08:55:48.596Z] > authorizing via signed-in user (substring.jp@gmail.com)
[debug] [2026-02-13T08:55:48.599Z] No OAuth tokens found
[debug] [2026-02-13T08:55:48.599Z] No OAuth tokens found
[debug] [2026-02-13T08:55:48.600Z] > command requires scopes: ["email","openid","https://www.googleapis.com/auth/cloudplatformprojects.readonly","https://www.googleapis.com/auth/firebase","https://www.googleapis.com/auth/cloud-platform","https://www.googleapis.com/auth/userinfo.email"]
[debug] [2026-02-13T08:55:48.600Z] > authorizing via signed-in user (substring.jp@gmail.com)
[debug] [2026-02-13T08:55:48.601Z] > command requires scopes: ["email","openid","https://www.googleapis.com/auth/cloudplatformprojects.readonly","https://www.googleapis.com/auth/firebase","https://www.googleapis.com/auth/cloud-platform","https://www.googleapis.com/auth/userinfo.email"]
[debug] [2026-02-13T08:55:48.601Z] > authorizing via signed-in user (substring.jp@gmail.com)
[debug] [2026-02-13T08:55:48.602Z] No OAuth tokens found
[debug] [2026-02-13T08:55:48.602Z] No OAuth tokens found
[debug] [2026-02-13T08:55:48.602Z] > command requires scopes: ["email","openid","https://www.googleapis.com/auth/cloudplatformprojects.readonly","https://www.googleapis.com/auth/firebase","https://www.googleapis.com/auth/cloud-platform","https://www.googleapis.com/auth/userinfo.email"]
[debug] [2026-02-13T08:55:48.602Z] > authorizing via signed-in user (substring.jp@gmail.com)
[debug] [2026-02-13T08:55:48.604Z] >>> [apiv2][query] GET https://cloudbilling.googleapis.com/v1/projects/jprail/billingInfo [none]
[debug] [2026-02-13T08:55:48.669Z] >>> [apiv2][query] GET https://cloudbilling.googleapis.com/v1/projects/jprail/billingInfo [none]
[debug] [2026-02-13T08:55:48.989Z] <<< [apiv2][status] GET https://cloudbilling.googleapis.com/v1/projects/jprail/billingInfo 200
[debug] [2026-02-13T08:55:48.990Z] <<< [apiv2][body] GET https://cloudbilling.googleapis.com/v1/projects/jprail/billingInfo {"name":"projects/jprail/billingInfo","projectId":"jprail","billingAccountName":"","billingEnabled":false}
[debug] [2026-02-13T08:55:49.012Z] No OAuth tokens found
[debug] [2026-02-13T08:55:49.012Z] No OAuth tokens found
[debug] [2026-02-13T08:55:49.012Z] > command requires scopes: ["email","openid","https://www.googleapis.com/auth/cloudplatformprojects.readonly","https://www.googleapis.com/auth/firebase","https://www.googleapis.com/auth/cloud-platform","https://www.googleapis.com/auth/userinfo.email"]
[debug] [2026-02-13T08:55:49.012Z] > authorizing via signed-in user (substring.jp@gmail.com)
[debug] [2026-02-13T08:55:49.013Z] No OAuth tokens found
[debug] [2026-02-13T08:55:49.013Z] No OAuth tokens found
[debug] [2026-02-13T08:55:49.013Z] > command requires scopes: ["email","openid","https://www.googleapis.com/auth/cloudplatformprojects.readonly","https://www.googleapis.com/auth/firebase","https://www.googleapis.com/auth/cloud-platform","https://www.googleapis.com/auth/userinfo.email"]
[debug] [2026-02-13T08:55:49.014Z] > authorizing via signed-in user (substring.jp@gmail.com)
[debug] [2026-02-13T08:55:49.014Z] No OAuth tokens found
[debug] [2026-02-13T08:55:49.015Z] No OAuth tokens found
[debug] [2026-02-13T08:55:49.015Z] > command requires scopes: ["email","openid","https://www.googleapis.com/auth/cloudplatformprojects.readonly","https://www.googleapis.com/auth/firebase","https://www.googleapis.com/auth/cloud-platform","https://www.googleapis.com/auth/userinfo.email"]
[debug] [2026-02-13T08:55:49.015Z] > authorizing via signed-in user (substring.jp@gmail.com)
[debug] [2026-02-13T08:55:49.015Z] No OAuth tokens found
[debug] [2026-02-13T08:55:49.016Z] No OAuth tokens found
[debug] [2026-02-13T08:55:49.016Z] > command requires scopes: ["email","openid","https://www.googleapis.com/auth/cloudplatformprojects.readonly","https://www.googleapis.com/auth/firebase","https://www.googleapis.com/auth/cloud-platform","https://www.googleapis.com/auth/userinfo.email"]
[debug] [2026-02-13T08:55:49.016Z] > authorizing via signed-in user (substring.jp@gmail.com)
[debug] [2026-02-13T08:55:49.017Z] No OAuth tokens found
[debug] [2026-02-13T08:55:49.017Z] No OAuth tokens found
[debug] [2026-02-13T08:55:49.017Z] > command requires scopes: ["email","openid","https://www.googleapis.com/auth/cloudplatformprojects.readonly","https://www.googleapis.com/auth/firebase","https://www.googleapis.com/auth/cloud-platform","https://www.googleapis.com/auth/userinfo.email"]
[debug] [2026-02-13T08:55:49.017Z] > authorizing via signed-in user (substring.jp@gmail.com)
[debug] [2026-02-13T08:55:49.018Z] No OAuth tokens found
[debug] [2026-02-13T08:55:49.018Z] No OAuth tokens found
[debug] [2026-02-13T08:55:49.018Z] > command requires scopes: ["email","openid","https://www.googleapis.com/auth/cloudplatformprojects.readonly","https://www.googleapis.com/auth/firebase","https://www.googleapis.com/auth/cloud-platform","https://www.googleapis.com/auth/userinfo.email"]
[debug] [2026-02-13T08:55:49.019Z] > authorizing via signed-in user (substring.jp@gmail.com)
[debug] [2026-02-13T08:55:49.019Z] No OAuth tokens found
[debug] [2026-02-13T08:55:49.019Z] No OAuth tokens found
[debug] [2026-02-13T08:55:49.019Z] > command requires scopes: ["email","openid","https://www.googleapis.com/auth/cloudplatformprojects.readonly","https://www.googleapis.com/auth/firebase","https://www.googleapis.com/auth/cloud-platform","https://www.googleapis.com/auth/userinfo.email"]
[debug] [2026-02-13T08:55:49.019Z] > authorizing via signed-in user (substring.jp@gmail.com)
[debug] [2026-02-13T08:55:49.050Z] No OAuth tokens found
[debug] [2026-02-13T08:55:49.050Z] No OAuth tokens found
[debug] [2026-02-13T08:55:49.050Z] > command requires scopes: ["email","openid","https://www.googleapis.com/auth/cloudplatformprojects.readonly","https://www.googleapis.com/auth/firebase","https://www.googleapis.com/auth/cloud-platform","https://www.googleapis.com/auth/userinfo.email"]
[debug] [2026-02-13T08:55:49.050Z] > authorizing via signed-in user (substring.jp@gmail.com)
[debug] [2026-02-13T08:55:49.051Z] No OAuth tokens found
[debug] [2026-02-13T08:55:49.051Z] No OAuth tokens found
[debug] [2026-02-13T08:55:49.051Z] > command requires scopes: ["email","openid","https://www.googleapis.com/auth/cloudplatformprojects.readonly","https://www.googleapis.com/auth/firebase","https://www.googleapis.com/auth/cloud-platform","https://www.googleapis.com/auth/userinfo.email"]
[debug] [2026-02-13T08:55:49.052Z] > authorizing via signed-in user (substring.jp@gmail.com)
[debug] [2026-02-13T08:55:49.052Z] >>> [apiv2][query] GET https://serviceusage.googleapis.com/v1/projects/jprail/services/firestore.googleapis.com [none]
[debug] [2026-02-13T08:55:49.053Z] >>> [apiv2][(partial)header] GET https://serviceusage.googleapis.com/v1/projects/jprail/services/firestore.googleapis.com  x-goog-user-project=jprail
[debug] [2026-02-13T08:55:49.056Z] >>> [apiv2][query] GET https://serviceusage.googleapis.com/v1/projects/jprail/services/storage.googleapis.com [none]
[debug] [2026-02-13T08:55:49.056Z] >>> [apiv2][(partial)header] GET https://serviceusage.googleapis.com/v1/projects/jprail/services/storage.googleapis.com  x-goog-user-project=jprail
[debug] [2026-02-13T08:55:49.061Z] >>> [apiv2][query] GET https://serviceusage.googleapis.com/v1/projects/jprail/services/firebasedataconnect.googleapis.com [none]
[debug] [2026-02-13T08:55:49.061Z] >>> [apiv2][(partial)header] GET https://serviceusage.googleapis.com/v1/projects/jprail/services/firebasedataconnect.googleapis.com  x-goog-user-project=jprail
[debug] [2026-02-13T08:55:49.063Z] >>> [apiv2][query] GET https://serviceusage.googleapis.com/v1/projects/jprail/services/identitytoolkit.googleapis.com [none]
[debug] [2026-02-13T08:55:49.063Z] >>> [apiv2][(partial)header] GET https://serviceusage.googleapis.com/v1/projects/jprail/services/identitytoolkit.googleapis.com  x-goog-user-project=jprail
[debug] [2026-02-13T08:55:49.065Z] >>> [apiv2][query] GET https://serviceusage.googleapis.com/v1/projects/jprail/services/fcm.googleapis.com [none]
[debug] [2026-02-13T08:55:49.066Z] >>> [apiv2][(partial)header] GET https://serviceusage.googleapis.com/v1/projects/jprail/services/fcm.googleapis.com  x-goog-user-project=jprail
[debug] [2026-02-13T08:55:49.068Z] >>> [apiv2][query] GET https://serviceusage.googleapis.com/v1/projects/jprail/services/cloudfunctions.googleapis.com [none]
[debug] [2026-02-13T08:55:49.068Z] >>> [apiv2][(partial)header] GET https://serviceusage.googleapis.com/v1/projects/jprail/services/cloudfunctions.googleapis.com  x-goog-user-project=jprail
[debug] [2026-02-13T08:55:49.070Z] >>> [apiv2][query] GET https://serviceusage.googleapis.com/v1/projects/jprail/services/firebaseremoteconfig.googleapis.com [none]
[debug] [2026-02-13T08:55:49.070Z] >>> [apiv2][(partial)header] GET https://serviceusage.googleapis.com/v1/projects/jprail/services/firebaseremoteconfig.googleapis.com  x-goog-user-project=jprail
[debug] [2026-02-13T08:55:49.073Z] >>> [apiv2][query] GET https://serviceusage.googleapis.com/v1/projects/jprail/services/firebaseapphosting.googleapis.com [none]
[debug] [2026-02-13T08:55:49.073Z] >>> [apiv2][(partial)header] GET https://serviceusage.googleapis.com/v1/projects/jprail/services/firebaseapphosting.googleapis.com  x-goog-user-project=jprail
[debug] [2026-02-13T08:55:49.075Z] >>> [apiv2][query] GET https://serviceusage.googleapis.com/v1/projects/jprail/services/firebaseio.com [none]
[debug] [2026-02-13T08:55:49.075Z] >>> [apiv2][(partial)header] GET https://serviceusage.googleapis.com/v1/projects/jprail/services/firebaseio.com  x-goog-user-project=jprail
[debug] [2026-02-13T08:55:49.190Z] <<< [apiv2][status] GET https://cloudbilling.googleapis.com/v1/projects/jprail/billingInfo 200
[debug] [2026-02-13T08:55:49.194Z] <<< [apiv2][body] GET https://cloudbilling.googleapis.com/v1/projects/jprail/billingInfo {"name":"projects/jprail/billingInfo","projectId":"jprail","billingAccountName":"","billingEnabled":false}
[debug] [2026-02-13T08:55:49.199Z] No OAuth tokens found
[debug] [2026-02-13T08:55:49.199Z] No OAuth tokens found
[debug] [2026-02-13T08:55:49.199Z] > command requires scopes: ["email","openid","https://www.googleapis.com/auth/cloudplatformprojects.readonly","https://www.googleapis.com/auth/firebase","https://www.googleapis.com/auth/cloud-platform","https://www.googleapis.com/auth/userinfo.email"]
[debug] [2026-02-13T08:55:49.199Z] > authorizing via signed-in user (substring.jp@gmail.com)
[debug] [2026-02-13T08:55:49.202Z] No OAuth tokens found
[debug] [2026-02-13T08:55:49.202Z] No OAuth tokens found
[debug] [2026-02-13T08:55:49.202Z] > command requires scopes: ["email","openid","https://www.googleapis.com/auth/cloudplatformprojects.readonly","https://www.googleapis.com/auth/firebase","https://www.googleapis.com/auth/cloud-platform","https://www.googleapis.com/auth/userinfo.email"]
[debug] [2026-02-13T08:55:49.203Z] > authorizing via signed-in user (substring.jp@gmail.com)
[debug] [2026-02-13T08:55:49.203Z] No OAuth tokens found
[debug] [2026-02-13T08:55:49.203Z] No OAuth tokens found
[debug] [2026-02-13T08:55:49.204Z] > command requires scopes: ["email","openid","https://www.googleapis.com/auth/cloudplatformprojects.readonly","https://www.googleapis.com/auth/firebase","https://www.googleapis.com/auth/cloud-platform","https://www.googleapis.com/auth/userinfo.email"]
[debug] [2026-02-13T08:55:49.204Z] > authorizing via signed-in user (substring.jp@gmail.com)
[debug] [2026-02-13T08:55:49.205Z] No OAuth tokens found
[debug] [2026-02-13T08:55:49.205Z] No OAuth tokens found
[debug] [2026-02-13T08:55:49.205Z] > command requires scopes: ["email","openid","https://www.googleapis.com/auth/cloudplatformprojects.readonly","https://www.googleapis.com/auth/firebase","https://www.googleapis.com/auth/cloud-platform","https://www.googleapis.com/auth/userinfo.email"]
[debug] [2026-02-13T08:55:49.205Z] > authorizing via signed-in user (substring.jp@gmail.com)
[debug] [2026-02-13T08:55:49.206Z] No OAuth tokens found
[debug] [2026-02-13T08:55:49.206Z] No OAuth tokens found
[debug] [2026-02-13T08:55:49.206Z] > command requires scopes: ["email","openid","https://www.googleapis.com/auth/cloudplatformprojects.readonly","https://www.googleapis.com/auth/firebase","https://www.googleapis.com/auth/cloud-platform","https://www.googleapis.com/auth/userinfo.email"]
[debug] [2026-02-13T08:55:49.206Z] > authorizing via signed-in user (substring.jp@gmail.com)
[debug] [2026-02-13T08:55:49.207Z] No OAuth tokens found
[debug] [2026-02-13T08:55:49.207Z] No OAuth tokens found
[debug] [2026-02-13T08:55:49.207Z] > command requires scopes: ["email","openid","https://www.googleapis.com/auth/cloudplatformprojects.readonly","https://www.googleapis.com/auth/firebase","https://www.googleapis.com/auth/cloud-platform","https://www.googleapis.com/auth/userinfo.email"]
[debug] [2026-02-13T08:55:49.207Z] > authorizing via signed-in user (substring.jp@gmail.com)
[debug] [2026-02-13T08:55:49.208Z] No OAuth tokens found
[debug] [2026-02-13T08:55:49.208Z] No OAuth tokens found
[debug] [2026-02-13T08:55:49.208Z] > command requires scopes: ["email","openid","https://www.googleapis.com/auth/cloudplatformprojects.readonly","https://www.googleapis.com/auth/firebase","https://www.googleapis.com/auth/cloud-platform","https://www.googleapis.com/auth/userinfo.email"]
[debug] [2026-02-13T08:55:49.208Z] > authorizing via signed-in user (substring.jp@gmail.com)
[debug] [2026-02-13T08:55:49.223Z] No OAuth tokens found
[debug] [2026-02-13T08:55:49.224Z] No OAuth tokens found
[debug] [2026-02-13T08:55:49.224Z] > command requires scopes: ["email","openid","https://www.googleapis.com/auth/cloudplatformprojects.readonly","https://www.googleapis.com/auth/firebase","https://www.googleapis.com/auth/cloud-platform","https://www.googleapis.com/auth/userinfo.email"]
[debug] [2026-02-13T08:55:49.224Z] > authorizing via signed-in user (substring.jp@gmail.com)
[debug] [2026-02-13T08:55:49.225Z] No OAuth tokens found
[debug] [2026-02-13T08:55:49.225Z] No OAuth tokens found
[debug] [2026-02-13T08:55:49.225Z] > command requires scopes: ["email","openid","https://www.googleapis.com/auth/cloudplatformprojects.readonly","https://www.googleapis.com/auth/firebase","https://www.googleapis.com/auth/cloud-platform","https://www.googleapis.com/auth/userinfo.email"]
[debug] [2026-02-13T08:55:49.225Z] > authorizing via signed-in user (substring.jp@gmail.com)
[debug] [2026-02-13T08:55:49.226Z] >>> [apiv2][query] GET https://serviceusage.googleapis.com/v1/projects/jprail/services/firestore.googleapis.com [none]
[debug] [2026-02-13T08:55:49.228Z] >>> [apiv2][(partial)header] GET https://serviceusage.googleapis.com/v1/projects/jprail/services/firestore.googleapis.com  x-goog-user-project=jprail
[debug] [2026-02-13T08:55:49.236Z] >>> [apiv2][query] GET https://serviceusage.googleapis.com/v1/projects/jprail/services/storage.googleapis.com [none]
[debug] [2026-02-13T08:55:49.236Z] >>> [apiv2][(partial)header] GET https://serviceusage.googleapis.com/v1/projects/jprail/services/storage.googleapis.com  x-goog-user-project=jprail
[debug] [2026-02-13T08:55:49.239Z] >>> [apiv2][query] GET https://serviceusage.googleapis.com/v1/projects/jprail/services/firebasedataconnect.googleapis.com [none]
[debug] [2026-02-13T08:55:49.239Z] >>> [apiv2][(partial)header] GET https://serviceusage.googleapis.com/v1/projects/jprail/services/firebasedataconnect.googleapis.com  x-goog-user-project=jprail
[debug] [2026-02-13T08:55:49.241Z] >>> [apiv2][query] GET https://serviceusage.googleapis.com/v1/projects/jprail/services/identitytoolkit.googleapis.com [none]
[debug] [2026-02-13T08:55:49.241Z] >>> [apiv2][(partial)header] GET https://serviceusage.googleapis.com/v1/projects/jprail/services/identitytoolkit.googleapis.com  x-goog-user-project=jprail
[debug] [2026-02-13T08:55:49.244Z] >>> [apiv2][query] GET https://serviceusage.googleapis.com/v1/projects/jprail/services/fcm.googleapis.com [none]
[debug] [2026-02-13T08:55:49.244Z] >>> [apiv2][(partial)header] GET https://serviceusage.googleapis.com/v1/projects/jprail/services/fcm.googleapis.com  x-goog-user-project=jprail
[debug] [2026-02-13T08:55:49.246Z] >>> [apiv2][query] GET https://serviceusage.googleapis.com/v1/projects/jprail/services/cloudfunctions.googleapis.com [none]
[debug] [2026-02-13T08:55:49.246Z] >>> [apiv2][(partial)header] GET https://serviceusage.googleapis.com/v1/projects/jprail/services/cloudfunctions.googleapis.com  x-goog-user-project=jprail
[debug] [2026-02-13T08:55:49.248Z] >>> [apiv2][query] GET https://serviceusage.googleapis.com/v1/projects/jprail/services/firebaseremoteconfig.googleapis.com [none]
[debug] [2026-02-13T08:55:49.249Z] >>> [apiv2][(partial)header] GET https://serviceusage.googleapis.com/v1/projects/jprail/services/firebaseremoteconfig.googleapis.com  x-goog-user-project=jprail
[debug] [2026-02-13T08:55:49.250Z] >>> [apiv2][query] GET https://serviceusage.googleapis.com/v1/projects/jprail/services/firebaseapphosting.googleapis.com [none]
[debug] [2026-02-13T08:55:49.251Z] >>> [apiv2][(partial)header] GET https://serviceusage.googleapis.com/v1/projects/jprail/services/firebaseapphosting.googleapis.com  x-goog-user-project=jprail
[debug] [2026-02-13T08:55:49.252Z] >>> [apiv2][query] GET https://serviceusage.googleapis.com/v1/projects/jprail/services/firebaseio.com [none]
[debug] [2026-02-13T08:55:49.253Z] >>> [apiv2][(partial)header] GET https://serviceusage.googleapis.com/v1/projects/jprail/services/firebaseio.com  x-goog-user-project=jprail
[debug] [2026-02-13T08:55:50.146Z] <<< [apiv2][status] GET https://serviceusage.googleapis.com/v1/projects/jprail/services/fcm.googleapis.com 200
[debug] [2026-02-13T08:55:50.146Z] <<< [apiv2][body] GET https://serviceusage.googleapis.com/v1/projects/jprail/services/fcm.googleapis.com [omitted]
[debug] [2026-02-13T08:55:50.163Z] <<< [apiv2][status] GET https://serviceusage.googleapis.com/v1/projects/jprail/services/firebaseio.com 403
[debug] [2026-02-13T08:55:50.164Z] <<< [apiv2][body] GET https://serviceusage.googleapis.com/v1/projects/jprail/services/firebaseio.com [omitted]
[debug] [2026-02-13T08:55:50.186Z] <<< [apiv2][status] GET https://serviceusage.googleapis.com/v1/projects/jprail/services/identitytoolkit.googleapis.com 200
[debug] [2026-02-13T08:55:50.189Z] <<< [apiv2][body] GET https://serviceusage.googleapis.com/v1/projects/jprail/services/identitytoolkit.googleapis.com [omitted]
[debug] [2026-02-13T08:55:50.222Z] <<< [apiv2][status] GET https://serviceusage.googleapis.com/v1/projects/jprail/services/firestore.googleapis.com 200
[debug] [2026-02-13T08:55:50.227Z] <<< [apiv2][body] GET https://serviceusage.googleapis.com/v1/projects/jprail/services/firestore.googleapis.com [omitted]
[debug] [2026-02-13T08:55:50.236Z] <<< [apiv2][status] GET https://serviceusage.googleapis.com/v1/projects/jprail/services/firebaseremoteconfig.googleapis.com 200
[debug] [2026-02-13T08:55:50.236Z] <<< [apiv2][body] GET https://serviceusage.googleapis.com/v1/projects/jprail/services/firebaseremoteconfig.googleapis.com [omitted]
[debug] [2026-02-13T08:55:50.249Z] <<< [apiv2][status] GET https://serviceusage.googleapis.com/v1/projects/jprail/services/firebasedataconnect.googleapis.com 200
[debug] [2026-02-13T08:55:50.250Z] <<< [apiv2][body] GET https://serviceusage.googleapis.com/v1/projects/jprail/services/firebasedataconnect.googleapis.com [omitted]
[debug] [2026-02-13T08:55:50.266Z] <<< [apiv2][status] GET https://serviceusage.googleapis.com/v1/projects/jprail/services/storage.googleapis.com 200
[debug] [2026-02-13T08:55:50.267Z] <<< [apiv2][body] GET https://serviceusage.googleapis.com/v1/projects/jprail/services/storage.googleapis.com [omitted]
[debug] [2026-02-13T08:55:50.287Z] <<< [apiv2][status] GET https://serviceusage.googleapis.com/v1/projects/jprail/services/firebaseapphosting.googleapis.com 200
[debug] [2026-02-13T08:55:50.287Z] <<< [apiv2][body] GET https://serviceusage.googleapis.com/v1/projects/jprail/services/firebaseapphosting.googleapis.com [omitted]
[debug] [2026-02-13T08:55:50.290Z] <<< [apiv2][status] GET https://serviceusage.googleapis.com/v1/projects/jprail/services/cloudfunctions.googleapis.com 200
[debug] [2026-02-13T08:55:50.291Z] <<< [apiv2][body] GET https://serviceusage.googleapis.com/v1/projects/jprail/services/cloudfunctions.googleapis.com [omitted]
[error] Failed to fetch Firebase Project from Studio Workspace because WORKSPACE_SLUG environment variable is empty
[error] Failed to fetch Firebase Project from Studio Workspace because WORKSPACE_SLUG environment variable is empty
[error] Failed to fetch Firebase Project from Studio Workspace because WORKSPACE_SLUG environment variable is empty
[debug] [2026-02-13T08:55:50.307Z] > command requires scopes: ["email","openid","https://www.googleapis.com/auth/cloudplatformprojects.readonly","https://www.googleapis.com/auth/firebase","https://www.googleapis.com/auth/cloud-platform","https://www.googleapis.com/auth/userinfo.email"]
[debug] [2026-02-13T08:55:50.308Z] > authorizing via signed-in user (substring.jp@gmail.com)
[debug] [2026-02-13T08:55:50.308Z] No OAuth tokens found
[debug] [2026-02-13T08:55:50.308Z] No OAuth tokens found
[debug] [2026-02-13T08:55:50.309Z] > command requires scopes: ["email","openid","https://www.googleapis.com/auth/cloudplatformprojects.readonly","https://www.googleapis.com/auth/firebase","https://www.googleapis.com/auth/cloud-platform","https://www.googleapis.com/auth/userinfo.email"]
[debug] [2026-02-13T08:55:50.309Z] > authorizing via signed-in user (substring.jp@gmail.com)
[debug] [2026-02-13T08:55:50.309Z] >>> [apiv2][query] GET https://cloudbilling.googleapis.com/v1/projects/jprail/billingInfo [none]
[debug] [2026-02-13T08:55:50.338Z] <<< [apiv2][status] GET https://serviceusage.googleapis.com/v1/projects/jprail/services/fcm.googleapis.com 200
[debug] [2026-02-13T08:55:50.339Z] <<< [apiv2][body] GET https://serviceusage.googleapis.com/v1/projects/jprail/services/fcm.googleapis.com [omitted]
[debug] [2026-02-13T08:55:50.364Z] <<< [apiv2][status] GET https://serviceusage.googleapis.com/v1/projects/jprail/services/firestore.googleapis.com 200
[debug] [2026-02-13T08:55:50.364Z] <<< [apiv2][body] GET https://serviceusage.googleapis.com/v1/projects/jprail/services/firestore.googleapis.com [omitted]
[debug] [2026-02-13T08:55:50.375Z] <<< [apiv2][status] GET https://serviceusage.googleapis.com/v1/projects/jprail/services/firebasedataconnect.googleapis.com 200
[debug] [2026-02-13T08:55:50.375Z] <<< [apiv2][body] GET https://serviceusage.googleapis.com/v1/projects/jprail/services/firebasedataconnect.googleapis.com [omitted]
[debug] [2026-02-13T08:55:50.383Z] <<< [apiv2][status] GET https://serviceusage.googleapis.com/v1/projects/jprail/services/storage.googleapis.com 200
[debug] [2026-02-13T08:55:50.384Z] <<< [apiv2][body] GET https://serviceusage.googleapis.com/v1/projects/jprail/services/storage.googleapis.com [omitted]
[debug] [2026-02-13T08:55:50.415Z] <<< [apiv2][status] GET https://serviceusage.googleapis.com/v1/projects/jprail/services/firebaseio.com 403
[debug] [2026-02-13T08:55:50.415Z] <<< [apiv2][body] GET https://serviceusage.googleapis.com/v1/projects/jprail/services/firebaseio.com [omitted]
[debug] [2026-02-13T08:55:50.428Z] <<< [apiv2][status] GET https://serviceusage.googleapis.com/v1/projects/jprail/services/identitytoolkit.googleapis.com 200
[debug] [2026-02-13T08:55:50.428Z] <<< [apiv2][body] GET https://serviceusage.googleapis.com/v1/projects/jprail/services/identitytoolkit.googleapis.com [omitted]
[debug] [2026-02-13T08:55:50.472Z] <<< [apiv2][status] GET https://serviceusage.googleapis.com/v1/projects/jprail/services/cloudfunctions.googleapis.com 200
[debug] [2026-02-13T08:55:50.474Z] <<< [apiv2][body] GET https://serviceusage.googleapis.com/v1/projects/jprail/services/cloudfunctions.googleapis.com [omitted]
[debug] [2026-02-13T08:55:50.476Z] <<< [apiv2][status] GET https://serviceusage.googleapis.com/v1/projects/jprail/services/firebaseapphosting.googleapis.com 200
[debug] [2026-02-13T08:55:50.476Z] <<< [apiv2][body] GET https://serviceusage.googleapis.com/v1/projects/jprail/services/firebaseapphosting.googleapis.com [omitted]
[debug] [2026-02-13T08:55:50.477Z] <<< [apiv2][status] GET https://serviceusage.googleapis.com/v1/projects/jprail/services/firebaseremoteconfig.googleapis.com 200
[debug] [2026-02-13T08:55:50.479Z] <<< [apiv2][body] GET https://serviceusage.googleapis.com/v1/projects/jprail/services/firebaseremoteconfig.googleapis.com [omitted]
[debug] [2026-02-13T08:55:50.533Z] <<< [apiv2][status] GET https://cloudbilling.googleapis.com/v1/projects/jprail/billingInfo 200
[debug] [2026-02-13T08:55:50.535Z] <<< [apiv2][body] GET https://cloudbilling.googleapis.com/v1/projects/jprail/billingInfo {"name":"projects/jprail/billingInfo","projectId":"jprail","billingAccountName":"","billingEnabled":false}
[error] Failed to fetch Firebase Project from Studio Workspace because WORKSPACE_SLUG environment variable is empty
[debug] [2026-02-13T08:55:50.551Z] > command requires scopes: ["email","openid","https://www.googleapis.com/auth/cloudplatformprojects.readonly","https://www.googleapis.com/auth/firebase","https://www.googleapis.com/auth/cloud-platform","https://www.googleapis.com/auth/userinfo.email"]
[debug] [2026-02-13T08:55:50.551Z] > authorizing via signed-in user (substring.jp@gmail.com)
[error] Failed to fetch Firebase Project from Studio Workspace because WORKSPACE_SLUG environment variable is empty
[error] Failed to fetch Firebase Project from Studio Workspace because WORKSPACE_SLUG environment variable is empty
[error] Failed to fetch Firebase Project from Studio Workspace because WORKSPACE_SLUG environment variable is empty
[debug] [2026-02-13T08:55:50.589Z] > command requires scopes: ["email","openid","https://www.googleapis.com/auth/cloudplatformprojects.readonly","https://www.googleapis.com/auth/firebase","https://www.googleapis.com/auth/cloud-platform","https://www.googleapis.com/auth/userinfo.email"]
[debug] [2026-02-13T08:55:50.590Z] > authorizing via signed-in user (substring.jp@gmail.com)
[debug] [2026-02-13T08:55:50.590Z] No OAuth tokens found
[debug] [2026-02-13T08:55:50.590Z] No OAuth tokens found
[debug] [2026-02-13T08:55:50.590Z] > command requires scopes: ["email","openid","https://www.googleapis.com/auth/cloudplatformprojects.readonly","https://www.googleapis.com/auth/firebase","https://www.googleapis.com/auth/cloud-platform","https://www.googleapis.com/auth/userinfo.email"]
[debug] [2026-02-13T08:55:50.590Z] > authorizing via signed-in user (substring.jp@gmail.com)
[debug] [2026-02-13T08:55:50.591Z] >>> [apiv2][query] GET https://cloudbilling.googleapis.com/v1/projects/jprail/billingInfo [none]
[error] Failed to fetch Firebase Project from Studio Workspace because WORKSPACE_SLUG environment variable is empty
[error] Failed to fetch Firebase Project from Studio Workspace because WORKSPACE_SLUG environment variable is empty
[error] Failed to fetch Firebase Project from Studio Workspace because WORKSPACE_SLUG environment variable is empty
[debug] [2026-02-13T08:55:50.601Z] > command requires scopes: ["email","openid","https://www.googleapis.com/auth/cloudplatformprojects.readonly","https://www.googleapis.com/auth/firebase","https://www.googleapis.com/auth/cloud-platform","https://www.googleapis.com/auth/userinfo.email"]
[debug] [2026-02-13T08:55:50.601Z] > authorizing via signed-in user (substring.jp@gmail.com)
[debug] [2026-02-13T08:55:50.601Z] No OAuth tokens found
[debug] [2026-02-13T08:55:50.601Z] No OAuth tokens found
[debug] [2026-02-13T08:55:50.601Z] > command requires scopes: ["email","openid","https://www.googleapis.com/auth/cloudplatformprojects.readonly","https://www.googleapis.com/auth/firebase","https://www.googleapis.com/auth/cloud-platform","https://www.googleapis.com/auth/userinfo.email"]
[debug] [2026-02-13T08:55:50.601Z] > authorizing via signed-in user (substring.jp@gmail.com)
[debug] [2026-02-13T08:55:50.602Z] >>> [apiv2][query] GET https://cloudbilling.googleapis.com/v1/projects/jprail/billingInfo [none]
[debug] [2026-02-13T08:55:50.810Z] <<< [apiv2][status] GET https://cloudbilling.googleapis.com/v1/projects/jprail/billingInfo 200
[debug] [2026-02-13T08:55:50.810Z] <<< [apiv2][body] GET https://cloudbilling.googleapis.com/v1/projects/jprail/billingInfo {"name":"projects/jprail/billingInfo","projectId":"jprail","billingAccountName":"","billingEnabled":false}
[error] Failed to fetch Firebase Project from Studio Workspace because WORKSPACE_SLUG environment variable is empty
[debug] [2026-02-13T08:55:50.815Z] > command requires scopes: ["email","openid","https://www.googleapis.com/auth/cloudplatformprojects.readonly","https://www.googleapis.com/auth/firebase","https://www.googleapis.com/auth/cloud-platform","https://www.googleapis.com/auth/userinfo.email"]
[debug] [2026-02-13T08:55:50.815Z] > authorizing via signed-in user (substring.jp@gmail.com)
[debug] [2026-02-13T08:55:50.844Z] <<< [apiv2][status] GET https://cloudbilling.googleapis.com/v1/projects/jprail/billingInfo 200
[debug] [2026-02-13T08:55:50.845Z] <<< [apiv2][body] GET https://cloudbilling.googleapis.com/v1/projects/jprail/billingInfo {"name":"projects/jprail/billingInfo","projectId":"jprail","billingAccountName":"","billingEnabled":false}
[error] Failed to fetch Firebase Project from Studio Workspace because WORKSPACE_SLUG environment variable is empty
[debug] [2026-02-13T08:55:50.848Z] > command requires scopes: ["email","openid","https://www.googleapis.com/auth/cloudplatformprojects.readonly","https://www.googleapis.com/auth/firebase","https://www.googleapis.com/auth/cloud-platform","https://www.googleapis.com/auth/userinfo.email"]
[debug] [2026-02-13T08:55:50.849Z] > authorizing via signed-in user (substring.jp@gmail.com)
[error] Failed to fetch Firebase Project from Studio Workspace because WORKSPACE_SLUG environment variable is empty
[error] Failed to fetch Firebase Project from Studio Workspace because WORKSPACE_SLUG environment variable is empty
[error] Failed to fetch Firebase Project from Studio Workspace because WORKSPACE_SLUG environment variable is empty
[error] Failed to fetch Firebase Project from Studio Workspace because WORKSPACE_SLUG environment variable is empty
[debug] [2026-02-13T10:05:08.454Z] > command requires scopes: ["email","openid","https://www.googleapis.com/auth/cloudplatformprojects.readonly","https://www.googleapis.com/auth/firebase","https://www.googleapis.com/auth/cloud-platform","https://www.googleapis.com/auth/userinfo.email"]
[debug] [2026-02-13T10:05:08.457Z] > command requires scopes: ["email","openid","https://www.googleapis.com/auth/cloudplatformprojects.readonly","https://www.googleapis.com/auth/firebase","https://www.googleapis.com/auth/cloud-platform","https://www.googleapis.com/auth/userinfo.email"]
[debug] [2026-02-13T10:05:20.108Z] Running auto auth
[debug] [2026-02-13T10:05:20.109Z] Running auto auth
[debug] [2026-02-13T10:05:20.181Z] No OAuth tokens found
[debug] [2026-02-13T10:05:20.196Z] >>> [apiv2][query] GET https://cloudbilling.googleapis.com/v1/projects/jprail/billingInfo [none]
[debug] [2026-02-13T10:05:20.361Z] No OAuth tokens found
[debug] [2026-02-13T10:05:20.363Z] >>> [apiv2][query] GET https://cloudbilling.googleapis.com/v1/projects/jprail/billingInfo [none]
[debug] [2026-02-13T10:05:20.881Z] <<< [apiv2][status] GET https://cloudbilling.googleapis.com/v1/projects/jprail/billingInfo 200
[debug] [2026-02-13T10:05:20.882Z] <<< [apiv2][body] GET https://cloudbilling.googleapis.com/v1/projects/jprail/billingInfo {"name":"projects/jprail/billingInfo","projectId":"jprail","billingAccountName":"","billingEnabled":false}
[debug] [2026-02-13T10:05:20.909Z] No OAuth tokens found
[debug] [2026-02-13T10:05:20.911Z] No OAuth tokens found
[debug] [2026-02-13T10:05:20.912Z] No OAuth tokens found
[debug] [2026-02-13T10:05:20.983Z] No OAuth tokens found
[debug] [2026-02-13T10:05:20.986Z] No OAuth tokens found
[debug] [2026-02-13T10:05:20.994Z] >>> [apiv2][query] GET https://serviceusage.googleapis.com/v1/projects/jprail/services/firestore.googleapis.com [none]
[debug] [2026-02-13T10:05:20.994Z] >>> [apiv2][(partial)header] GET https://serviceusage.googleapis.com/v1/projects/jprail/services/firestore.googleapis.com  x-goog-user-project=jprail
[debug] [2026-02-13T10:05:21.001Z] >>> [apiv2][query] GET https://serviceusage.googleapis.com/v1/projects/jprail/services/firebasedataconnect.googleapis.com [none]
[debug] [2026-02-13T10:05:21.002Z] >>> [apiv2][(partial)header] GET https://serviceusage.googleapis.com/v1/projects/jprail/services/firebasedataconnect.googleapis.com  x-goog-user-project=jprail
[debug] [2026-02-13T10:05:21.005Z] >>> [apiv2][query] GET https://serviceusage.googleapis.com/v1/projects/jprail/services/cloudfunctions.googleapis.com [none]
[debug] [2026-02-13T10:05:21.006Z] >>> [apiv2][(partial)header] GET https://serviceusage.googleapis.com/v1/projects/jprail/services/cloudfunctions.googleapis.com  x-goog-user-project=jprail
[debug] [2026-02-13T10:05:21.012Z] >>> [apiv2][query] GET https://serviceusage.googleapis.com/v1/projects/jprail/services/firebaseapphosting.googleapis.com [none]
[debug] [2026-02-13T10:05:21.013Z] >>> [apiv2][(partial)header] GET https://serviceusage.googleapis.com/v1/projects/jprail/services/firebaseapphosting.googleapis.com  x-goog-user-project=jprail
[debug] [2026-02-13T10:05:21.020Z] >>> [apiv2][query] GET https://serviceusage.googleapis.com/v1/projects/jprail/services/firebaseio.com [none]
[debug] [2026-02-13T10:05:21.020Z] >>> [apiv2][(partial)header] GET https://serviceusage.googleapis.com/v1/projects/jprail/services/firebaseio.com  x-goog-user-project=jprail
[debug] [2026-02-13T10:05:21.539Z] <<< [apiv2][status] GET https://cloudbilling.googleapis.com/v1/projects/jprail/billingInfo 200
[debug] [2026-02-13T10:05:21.540Z] <<< [apiv2][body] GET https://cloudbilling.googleapis.com/v1/projects/jprail/billingInfo {"name":"projects/jprail/billingInfo","projectId":"jprail","billingAccountName":"","billingEnabled":false}
[debug] [2026-02-13T10:05:21.542Z] No OAuth tokens found
[debug] [2026-02-13T10:05:21.542Z] No OAuth tokens found
[debug] [2026-02-13T10:05:21.558Z] No OAuth tokens found
[debug] [2026-02-13T10:05:21.594Z] No OAuth tokens found
[debug] [2026-02-13T10:05:21.603Z] No OAuth tokens found
[debug] [2026-02-13T10:05:21.604Z] >>> [apiv2][query] GET https://serviceusage.googleapis.com/v1/projects/jprail/services/firestore.googleapis.com [none]
[debug] [2026-02-13T10:05:21.604Z] >>> [apiv2][(partial)header] GET https://serviceusage.googleapis.com/v1/projects/jprail/services/firestore.googleapis.com  x-goog-user-project=jprail
[debug] [2026-02-13T10:05:21.609Z] >>> [apiv2][query] GET https://serviceusage.googleapis.com/v1/projects/jprail/services/firebasedataconnect.googleapis.com [none]
[debug] [2026-02-13T10:05:21.609Z] >>> [apiv2][(partial)header] GET https://serviceusage.googleapis.com/v1/projects/jprail/services/firebasedataconnect.googleapis.com  x-goog-user-project=jprail
[debug] [2026-02-13T10:05:21.613Z] >>> [apiv2][query] GET https://serviceusage.googleapis.com/v1/projects/jprail/services/cloudfunctions.googleapis.com [none]
[debug] [2026-02-13T10:05:21.613Z] >>> [apiv2][(partial)header] GET https://serviceusage.googleapis.com/v1/projects/jprail/services/cloudfunctions.googleapis.com  x-goog-user-project=jprail
[debug] [2026-02-13T10:05:21.620Z] >>> [apiv2][query] GET https://serviceusage.googleapis.com/v1/projects/jprail/services/firebaseapphosting.googleapis.com [none]
[debug] [2026-02-13T10:05:21.621Z] >>> [apiv2][(partial)header] GET https://serviceusage.googleapis.com/v1/projects/jprail/services/firebaseapphosting.googleapis.com  x-goog-user-project=jprail
[debug] [2026-02-13T10:05:21.625Z] >>> [apiv2][query] GET https://serviceusage.googleapis.com/v1/projects/jprail/services/firebaseio.com [none]
[debug] [2026-02-13T10:05:21.626Z] >>> [apiv2][(partial)header] GET https://serviceusage.googleapis.com/v1/projects/jprail/services/firebaseio.com  x-goog-user-project=jprail
[debug] [2026-02-13T10:05:22.140Z] <<< [apiv2][status] GET https://serviceusage.googleapis.com/v1/projects/jprail/services/firebasedataconnect.googleapis.com 200
[debug] [2026-02-13T10:05:22.141Z] <<< [apiv2][body] GET https://serviceusage.googleapis.com/v1/projects/jprail/services/firebasedataconnect.googleapis.com [omitted]
[debug] [2026-02-13T10:05:22.177Z] <<< [apiv2][status] GET https://serviceusage.googleapis.com/v1/projects/jprail/services/cloudfunctions.googleapis.com 200
[debug] [2026-02-13T10:05:22.178Z] <<< [apiv2][body] GET https://serviceusage.googleapis.com/v1/projects/jprail/services/cloudfunctions.googleapis.com [omitted]
[debug] [2026-02-13T10:05:22.213Z] <<< [apiv2][status] GET https://serviceusage.googleapis.com/v1/projects/jprail/services/firebaseio.com 403
[debug] [2026-02-13T10:05:22.217Z] <<< [apiv2][body] GET https://serviceusage.googleapis.com/v1/projects/jprail/services/firebaseio.com [omitted]
[debug] [2026-02-13T10:05:22.237Z] <<< [apiv2][status] GET https://serviceusage.googleapis.com/v1/projects/jprail/services/firestore.googleapis.com 200
[debug] [2026-02-13T10:05:22.244Z] <<< [apiv2][body] GET https://serviceusage.googleapis.com/v1/projects/jprail/services/firestore.googleapis.com [omitted]
[debug] [2026-02-13T10:05:22.355Z] <<< [apiv2][status] GET https://serviceusage.googleapis.com/v1/projects/jprail/services/firebaseapphosting.googleapis.com 200
[debug] [2026-02-13T10:05:22.359Z] <<< [apiv2][body] GET https://serviceusage.googleapis.com/v1/projects/jprail/services/firebaseapphosting.googleapis.com [omitted]
[error] Failed to fetch Firebase Project from Studio Workspace because WORKSPACE_SLUG environment variable is empty
[error] Failed to fetch Firebase Project from Studio Workspace because WORKSPACE_SLUG environment variable is empty
[error] Failed to fetch Firebase Project from Studio Workspace because WORKSPACE_SLUG environment variable is empty
[debug] [2026-02-13T10:05:22.385Z] > command requires scopes: ["email","openid","https://www.googleapis.com/auth/cloudplatformprojects.readonly","https://www.googleapis.com/auth/firebase","https://www.googleapis.com/auth/cloud-platform","https://www.googleapis.com/auth/userinfo.email"]
[debug] [2026-02-13T10:05:22.388Z] > authorizing via signed-in user (substring.jp@gmail.com)
[debug] [2026-02-13T10:05:22.389Z] No OAuth tokens found
[debug] [2026-02-13T10:05:22.390Z] >>> [apiv2][query] GET https://cloudbilling.googleapis.com/v1/projects/jprail/billingInfo [none]
[debug] [2026-02-13T10:05:22.716Z] <<< [apiv2][status] GET https://serviceusage.googleapis.com/v1/projects/jprail/services/firebasedataconnect.googleapis.com 200
[debug] [2026-02-13T10:05:22.717Z] <<< [apiv2][body] GET https://serviceusage.googleapis.com/v1/projects/jprail/services/firebasedataconnect.googleapis.com [omitted]
[debug] [2026-02-13T10:05:22.741Z] <<< [apiv2][status] GET https://serviceusage.googleapis.com/v1/projects/jprail/services/firebaseio.com 403
[debug] [2026-02-13T10:05:22.741Z] <<< [apiv2][body] GET https://serviceusage.googleapis.com/v1/projects/jprail/services/firebaseio.com [omitted]
[debug] [2026-02-13T10:05:22.768Z] <<< [apiv2][status] GET https://serviceusage.googleapis.com/v1/projects/jprail/services/firestore.googleapis.com 200
[debug] [2026-02-13T10:05:22.769Z] <<< [apiv2][body] GET https://serviceusage.googleapis.com/v1/projects/jprail/services/firestore.googleapis.com [omitted]
[debug] [2026-02-13T10:05:22.792Z] <<< [apiv2][status] GET https://serviceusage.googleapis.com/v1/projects/jprail/services/cloudfunctions.googleapis.com 200
[debug] [2026-02-13T10:05:22.792Z] <<< [apiv2][body] GET https://serviceusage.googleapis.com/v1/projects/jprail/services/cloudfunctions.googleapis.com [omitted]
[debug] [2026-02-13T10:05:22.802Z] <<< [apiv2][status] GET https://serviceusage.googleapis.com/v1/projects/jprail/services/firebaseapphosting.googleapis.com 200
[debug] [2026-02-13T10:05:22.807Z] <<< [apiv2][body] GET https://serviceusage.googleapis.com/v1/projects/jprail/services/firebaseapphosting.googleapis.com [omitted]
[debug] [2026-02-13T10:05:23.436Z] <<< [apiv2][status] GET https://cloudbilling.googleapis.com/v1/projects/jprail/billingInfo 200
[debug] [2026-02-13T10:05:23.437Z] <<< [apiv2][body] GET https://cloudbilling.googleapis.com/v1/projects/jprail/billingInfo {"name":"projects/jprail/billingInfo","projectId":"jprail","billingAccountName":"","billingEnabled":false}
[error] Failed to fetch Firebase Project from Studio Workspace because WORKSPACE_SLUG environment variable is empty
[debug] [2026-02-13T10:05:23.450Z] > command requires scopes: ["email","openid","https://www.googleapis.com/auth/cloudplatformprojects.readonly","https://www.googleapis.com/auth/firebase","https://www.googleapis.com/auth/cloud-platform","https://www.googleapis.com/auth/userinfo.email"]
[debug] [2026-02-13T10:05:23.450Z] > authorizing via signed-in user (substring.jp@gmail.com)
[error] Failed to fetch Firebase Project from Studio Workspace because WORKSPACE_SLUG environment variable is empty
[error] Failed to fetch Firebase Project from Studio Workspace because WORKSPACE_SLUG environment variable is empty
[error] Failed to fetch Firebase Project from Studio Workspace because WORKSPACE_SLUG environment variable is empty
[debug] [2026-02-13T10:05:23.491Z] > command requires scopes: ["email","openid","https://www.googleapis.com/auth/cloudplatformprojects.readonly","https://www.googleapis.com/auth/firebase","https://www.googleapis.com/auth/cloud-platform","https://www.googleapis.com/auth/userinfo.email"]
[debug] [2026-02-13T10:05:23.491Z] > authorizing via signed-in user (substring.jp@gmail.com)
[debug] [2026-02-13T10:05:23.492Z] No OAuth tokens found
[debug] [2026-02-13T10:05:23.492Z] >>> [apiv2][query] GET https://cloudbilling.googleapis.com/v1/projects/jprail/billingInfo [none]
[error] Failed to fetch Firebase Project from Studio Workspace because WORKSPACE_SLUG environment variable is empty
[error] Failed to fetch Firebase Project from Studio Workspace because WORKSPACE_SLUG environment variable is empty
[error] Failed to fetch Firebase Project from Studio Workspace because WORKSPACE_SLUG environment variable is empty
[debug] [2026-02-13T10:05:23.501Z] > command requires scopes: ["email","openid","https://www.googleapis.com/auth/cloudplatformprojects.readonly","https://www.googleapis.com/auth/firebase","https://www.googleapis.com/auth/cloud-platform","https://www.googleapis.com/auth/userinfo.email"]
[debug] [2026-02-13T10:05:23.501Z] > authorizing via signed-in user (substring.jp@gmail.com)
[debug] [2026-02-13T10:05:23.501Z] No OAuth tokens found
[debug] [2026-02-13T10:05:23.502Z] >>> [apiv2][query] GET https://cloudbilling.googleapis.com/v1/projects/jprail/billingInfo [none]
[debug] [2026-02-13T10:05:23.742Z] <<< [apiv2][status] GET https://cloudbilling.googleapis.com/v1/projects/jprail/billingInfo 200
[debug] [2026-02-13T10:05:23.744Z] <<< [apiv2][body] GET https://cloudbilling.googleapis.com/v1/projects/jprail/billingInfo {"name":"projects/jprail/billingInfo","projectId":"jprail","billingAccountName":"","billingEnabled":false}
[error] Failed to fetch Firebase Project from Studio Workspace because WORKSPACE_SLUG environment variable is empty
[debug] [2026-02-13T10:05:23.754Z] > command requires scopes: ["email","openid","https://www.googleapis.com/auth/cloudplatformprojects.readonly","https://www.googleapis.com/auth/firebase","https://www.googleapis.com/auth/cloud-platform","https://www.googleapis.com/auth/userinfo.email"]
[debug] [2026-02-13T10:05:23.755Z] > authorizing via signed-in user (substring.jp@gmail.com)
[debug] [2026-02-13T10:05:23.777Z] <<< [apiv2][status] GET https://cloudbilling.googleapis.com/v1/projects/jprail/billingInfo 200
[debug] [2026-02-13T10:05:23.777Z] <<< [apiv2][body] GET https://cloudbilling.googleapis.com/v1/projects/jprail/billingInfo {"name":"projects/jprail/billingInfo","projectId":"jprail","billingAccountName":"","billingEnabled":false}
[error] Failed to fetch Firebase Project from Studio Workspace because WORKSPACE_SLUG environment variable is empty
[debug] [2026-02-13T10:05:23.789Z] > command requires scopes: ["email","openid","https://www.googleapis.com/auth/cloudplatformprojects.readonly","https://www.googleapis.com/auth/firebase","https://www.googleapis.com/auth/cloud-platform","https://www.googleapis.com/auth/userinfo.email"]
[debug] [2026-02-13T10:05:23.789Z] > authorizing via signed-in user (substring.jp@gmail.com)
